{"level":"info","message":"MongoDB Connected","service":"medsync-api","timestamp":"2025-12-30T10:09:02.541Z"}
{"level":"info","message":"Incoming Request","method":"GET","service":"medsync-api","timestamp":"2025-12-30T10:09:19.972Z","url":"/api/v1/tests"}
{"level":"info","message":"Incoming Request","method":"GET","service":"medsync-api","timestamp":"2025-12-30T10:09:20.028Z","url":"/api/v1/tests"}
{"level":"info","message":"Incoming Request","method":"POST","service":"medsync-api","timestamp":"2025-12-30T10:09:27.030Z","url":"/api/auth/login"}
{"level":"info","message":"Incoming Request","method":"GET","service":"medsync-api","timestamp":"2025-12-30T10:09:27.611Z","url":"/api/v1/tests"}
{"level":"info","message":"Incoming Request","method":"GET","service":"medsync-api","timestamp":"2025-12-30T10:09:27.641Z","url":"/api/v1/tests"}
{"level":"info","message":"Incoming Request","method":"GET","service":"medsync-api","timestamp":"2025-12-30T10:09:37.902Z","url":"/api/v1/appointments/my"}
{"level":"info","message":"Incoming Request","method":"GET","service":"medsync-api","timestamp":"2025-12-30T10:09:37.995Z","url":"/api/v1/appointments/my"}
{"level":"info","message":"Incoming Request","method":"GET","service":"medsync-api","timestamp":"2025-12-30T10:09:40.400Z","url":"/api/v1/health-metrics/my?metricType=GLUCOSE"}
{"level":"info","message":"Incoming Request","method":"GET","service":"medsync-api","timestamp":"2025-12-30T10:09:40.454Z","url":"/api/v1/health-metrics/my?metricType=GLUCOSE"}
{"level":"info","message":"MongoDB Connected","service":"medsync-api","timestamp":"2025-12-30T10:14:51.782Z"}
{"level":"info","message":"Incoming Request","method":"GET","service":"medsync-api","timestamp":"2025-12-30T10:15:08.425Z","url":"/api/v1/health-metrics/my?metricType=GLUCOSE"}
{"level":"info","message":"Incoming Request","method":"GET","service":"medsync-api","timestamp":"2025-12-30T10:15:08.498Z","url":"/api/v1/health-metrics/my?metricType=GLUCOSE"}
{"level":"info","message":"Incoming Request","method":"POST","service":"medsync-api","timestamp":"2025-12-30T10:15:15.749Z","url":"/api/v1/health-metrics"}
{"level":"info","message":"Incoming Request","method":"GET","service":"medsync-api","timestamp":"2025-12-30T10:15:15.826Z","url":"/api/v1/health-metrics/my?metricType=GLUCOSE"}
{"level":"info","message":"Incoming Request","method":"GET","service":"medsync-api","timestamp":"2025-12-30T10:15:17.161Z","url":"/api/v1/health-metrics/my?metricType=BLOOD_PRESSURE"}
{"level":"info","message":"Incoming Request","method":"POST","service":"medsync-api","timestamp":"2025-12-30T10:15:27.024Z","url":"/api/v1/health-metrics"}
{"level":"info","message":"Incoming Request","method":"GET","service":"medsync-api","timestamp":"2025-12-30T10:15:27.088Z","url":"/api/v1/health-metrics/my?metricType=BLOOD_PRESSURE"}
{"level":"info","message":"Incoming Request","method":"GET","service":"medsync-api","timestamp":"2025-12-30T10:15:28.337Z","url":"/api/v1/health-metrics/my?metricType=HEART_RATE"}
{"level":"info","message":"Incoming Request","method":"POST","service":"medsync-api","timestamp":"2025-12-30T10:15:35.912Z","url":"/api/v1/health-metrics"}
{"level":"info","message":"Incoming Request","method":"GET","service":"medsync-api","timestamp":"2025-12-30T10:15:36.136Z","url":"/api/v1/health-metrics/my?metricType=HEART_RATE"}
{"level":"info","message":"Incoming Request","method":"GET","service":"medsync-api","timestamp":"2025-12-30T10:15:37.802Z","url":"/api/v1/health-metrics/my?metricType=WEIGHT"}
{"level":"info","message":"Incoming Request","method":"POST","service":"medsync-api","timestamp":"2025-12-30T10:15:41.619Z","url":"/api/v1/health-metrics"}
{"level":"info","message":"Incoming Request","method":"GET","service":"medsync-api","timestamp":"2025-12-30T10:15:41.680Z","url":"/api/v1/health-metrics/my?metricType=WEIGHT"}
{"level":"info","message":"Incoming Request","method":"GET","service":"medsync-api","timestamp":"2025-12-30T10:15:42.954Z","url":"/api/v1/health-metrics/my?metricType=HEIGHT"}
{"level":"info","message":"Incoming Request","method":"POST","service":"medsync-api","timestamp":"2025-12-30T10:15:46.861Z","url":"/api/v1/health-metrics"}
{"level":"info","message":"Incoming Request","method":"GET","service":"medsync-api","timestamp":"2025-12-30T10:15:46.916Z","url":"/api/v1/health-metrics/my?metricType=HEIGHT"}
{"level":"info","message":"Incoming Request","method":"GET","service":"medsync-api","timestamp":"2025-12-30T10:15:48.298Z","url":"/api/v1/health-metrics/my?metricType=CALORIES"}
{"level":"info","message":"Incoming Request","method":"POST","service":"medsync-api","timestamp":"2025-12-30T10:15:51.758Z","url":"/api/v1/health-metrics"}
{"level":"info","message":"Incoming Request","method":"GET","service":"medsync-api","timestamp":"2025-12-30T10:15:51.977Z","url":"/api/v1/health-metrics/my?metricType=CALORIES"}
{"level":"info","message":"Incoming Request","method":"GET","service":"medsync-api","timestamp":"2025-12-30T10:15:53.269Z","url":"/api/v1/health-metrics/my?metricType=PROTEIN"}
{"level":"info","message":"Incoming Request","method":"POST","service":"medsync-api","timestamp":"2025-12-30T10:15:56.684Z","url":"/api/v1/health-metrics"}
{"level":"info","message":"Incoming Request","method":"GET","service":"medsync-api","timestamp":"2025-12-30T10:15:56.740Z","url":"/api/v1/health-metrics/my?metricType=PROTEIN"}
{"level":"info","message":"Incoming Request","method":"GET","service":"medsync-api","timestamp":"2025-12-30T10:15:59.226Z","url":"/api/v1/health-metrics/my?metricType=BLOOD_PRESSURE"}
{"level":"info","message":"Incoming Request","method":"POST","service":"medsync-api","timestamp":"2025-12-30T10:16:13.033Z","url":"/api/auth/login"}
{"level":"info","message":"Incoming Request","method":"GET","service":"medsync-api","timestamp":"2025-12-30T10:16:14.014Z","url":"/api/v1/tests"}
{"level":"info","message":"Incoming Request","method":"GET","service":"medsync-api","timestamp":"2025-12-30T10:16:14.047Z","url":"/api/v1/tests"}
{"level":"info","message":"Incoming Request","method":"GET","service":"medsync-api","timestamp":"2025-12-30T10:16:17.265Z","url":"/api/v1/health-metrics/my?metricType=GLUCOSE"}
{"level":"info","message":"Incoming Request","method":"GET","service":"medsync-api","timestamp":"2025-12-30T10:16:17.334Z","url":"/api/v1/health-metrics/my?metricType=GLUCOSE"}
{"level":"info","message":"Incoming Request","method":"GET","service":"medsync-api","timestamp":"2025-12-30T10:16:26.428Z","url":"/api/v1/tests"}
{"level":"info","message":"Incoming Request","method":"GET","service":"medsync-api","timestamp":"2025-12-30T10:16:26.882Z","url":"/api/v1/tests"}
{"level":"info","message":"Incoming Request","method":"POST","service":"medsync-api","timestamp":"2025-12-30T10:16:33.275Z","url":"/api/auth/login"}
{"level":"info","message":"Incoming Request","method":"GET","service":"medsync-api","timestamp":"2025-12-30T10:16:33.729Z","url":"/api/v1/tests"}
{"level":"info","message":"Incoming Request","method":"GET","service":"medsync-api","timestamp":"2025-12-30T10:16:33.757Z","url":"/api/v1/tests"}
{"level":"info","message":"Incoming Request","method":"GET","service":"medsync-api","timestamp":"2025-12-30T10:16:35.213Z","url":"/api/v1/health-metrics/my?metricType=GLUCOSE"}
{"level":"info","message":"Incoming Request","method":"GET","service":"medsync-api","timestamp":"2025-12-30T10:16:35.271Z","url":"/api/v1/health-metrics/my?metricType=GLUCOSE"}
{"level":"info","message":"Incoming Request","method":"GET","service":"medsync-api","timestamp":"2025-12-30T10:16:37.994Z","url":"/api/v1/health-metrics/my?metricType=HEART_RATE"}
{"level":"info","message":"Incoming Request","method":"GET","service":"medsync-api","timestamp":"2025-12-30T10:36:22.265Z","url":"/api/v1/tests"}
{"level":"info","message":"Incoming Request","method":"GET","service":"medsync-api","timestamp":"2025-12-30T10:36:22.407Z","url":"/api/v1/tests"}
{"level":"info","message":"Incoming Request","method":"GET","service":"medsync-api","timestamp":"2025-12-30T10:36:22.437Z","url":"/api/v1/tests"}
{"level":"info","message":"Incoming Request","method":"GET","service":"medsync-api","timestamp":"2025-12-30T10:36:22.466Z","url":"/api/v1/tests"}
{"level":"info","message":"Incoming Request","method":"GET","service":"medsync-api","timestamp":"2025-12-30T10:36:24.572Z","url":"/api/v1/health-metrics/my?metricType=GLUCOSE"}
{"level":"info","message":"Incoming Request","method":"GET","service":"medsync-api","timestamp":"2025-12-30T10:36:24.608Z","url":"/api/v1/health-metrics/my?metricType=GLUCOSE"}
{"level":"info","message":"Incoming Request","method":"POST","service":"medsync-api","timestamp":"2025-12-30T10:36:24.620Z","url":"/api/auth/refresh-token"}
{"level":"info","message":"Incoming Request","method":"POST","service":"medsync-api","timestamp":"2025-12-30T10:36:24.631Z","url":"/api/auth/refresh-token"}
{"level":"info","message":"Incoming Request","method":"GET","service":"medsync-api","timestamp":"2025-12-30T10:36:24.768Z","url":"/api/v1/health-metrics/my?metricType=GLUCOSE"}
{"level":"info","message":"Incoming Request","method":"GET","service":"medsync-api","timestamp":"2025-12-30T10:36:24.822Z","url":"/api/v1/health-metrics/my?metricType=GLUCOSE"}
{"level":"info","message":"Incoming Request","method":"GET","service":"medsync-api","timestamp":"2025-12-30T10:36:25.952Z","url":"/api/v1/appointments/my"}
{"level":"info","message":"Incoming Request","method":"GET","service":"medsync-api","timestamp":"2025-12-30T10:36:26.282Z","url":"/api/v1/appointments/my"}
{"level":"info","message":"Incoming Request","method":"GET","service":"medsync-api","timestamp":"2025-12-30T10:36:26.936Z","url":"/api/v1/medicines?isActive=true"}
{"level":"info","message":"Incoming Request","method":"GET","service":"medsync-api","timestamp":"2025-12-30T10:36:26.989Z","url":"/api/v1/medicines?isActive=true"}
{"level":"info","message":"Incoming Request","method":"GET","service":"medsync-api","timestamp":"2025-12-30T10:36:28.511Z","url":"/api/v1/tests"}
{"level":"info","message":"Incoming Request","method":"GET","service":"medsync-api","timestamp":"2025-12-30T10:36:28.540Z","url":"/api/v1/tests"}
{"level":"info","message":"Incoming Request","method":"GET","service":"medsync-api","timestamp":"2025-12-30T10:36:29.734Z","url":"/api/v1/medicines?isActive=true"}
{"level":"info","message":"Incoming Request","method":"GET","service":"medsync-api","timestamp":"2025-12-30T10:36:29.772Z","url":"/api/v1/medicines?isActive=true"}
{"level":"info","message":"Incoming Request","method":"GET","service":"medsync-api","timestamp":"2025-12-30T10:36:30.914Z","url":"/api/v1/tests"}
{"level":"info","message":"Incoming Request","method":"GET","service":"medsync-api","timestamp":"2025-12-30T10:36:30.943Z","url":"/api/v1/tests"}
{"level":"info","message":"Incoming Request","method":"GET","service":"medsync-api","timestamp":"2025-12-30T10:36:31.794Z","url":"/api/v1/medicines?isActive=true"}
{"level":"info","message":"Incoming Request","method":"GET","service":"medsync-api","timestamp":"2025-12-30T10:36:31.822Z","url":"/api/v1/medicines?isActive=true"}
{"level":"info","message":"Incoming Request","method":"GET","service":"medsync-api","timestamp":"2025-12-30T10:36:33.530Z","url":"/api/v1/tests"}
{"level":"info","message":"Incoming Request","method":"GET","service":"medsync-api","timestamp":"2025-12-30T10:36:33.558Z","url":"/api/v1/tests"}
{"level":"info","message":"Incoming Request","method":"GET","service":"medsync-api","timestamp":"2025-12-30T10:36:34.295Z","url":"/api/v1/medicines?isActive=true"}
{"level":"info","message":"Incoming Request","method":"GET","service":"medsync-api","timestamp":"2025-12-30T10:36:34.330Z","url":"/api/v1/medicines?isActive=true"}
{"level":"info","message":"Incoming Request","method":"GET","service":"medsync-api","timestamp":"2025-12-30T10:36:37.558Z","url":"/api/v1/tests"}
{"level":"info","message":"Incoming Request","method":"GET","service":"medsync-api","timestamp":"2025-12-30T10:36:37.589Z","url":"/api/v1/tests"}
{"level":"info","message":"Incoming Request","method":"GET","service":"medsync-api","timestamp":"2025-12-30T10:36:39.645Z","url":"/api/v1/medicines?isActive=true"}
{"level":"info","message":"Incoming Request","method":"GET","service":"medsync-api","timestamp":"2025-12-30T10:36:39.686Z","url":"/api/v1/medicines?isActive=true"}
{"level":"info","message":"Incoming Request","method":"GET","service":"medsync-api","timestamp":"2025-12-30T10:36:43.947Z","url":"/api/v1/tests"}
{"level":"info","message":"Incoming Request","method":"GET","service":"medsync-api","timestamp":"2025-12-30T10:36:44.048Z","url":"/api/v1/tests"}
{"level":"info","message":"Incoming Request","method":"GET","service":"medsync-api","timestamp":"2025-12-30T10:36:49.552Z","url":"/api/v1/tests"}
{"level":"info","message":"Incoming Request","method":"GET","service":"medsync-api","timestamp":"2025-12-30T10:36:49.584Z","url":"/api/v1/tests"}
{"level":"info","message":"Incoming Request","method":"GET","service":"medsync-api","timestamp":"2025-12-30T10:36:59.952Z","url":"/api/v1/medicines?isActive=true"}
{"level":"info","message":"Incoming Request","method":"GET","service":"medsync-api","timestamp":"2025-12-30T10:36:59.981Z","url":"/api/v1/medicines?isActive=true"}
{"level":"info","message":"Incoming Request","method":"GET","service":"medsync-api","timestamp":"2025-12-30T10:37:02.846Z","url":"/api/v1/tests"}
{"level":"info","message":"Incoming Request","method":"GET","service":"medsync-api","timestamp":"2025-12-30T10:37:02.880Z","url":"/api/v1/tests"}
{"level":"info","message":"Incoming Request","method":"GET","service":"medsync-api","timestamp":"2025-12-30T10:38:15.954Z","url":"/api/v1/health-metrics/my?metricType=GLUCOSE"}
{"level":"info","message":"Incoming Request","method":"GET","service":"medsync-api","timestamp":"2025-12-30T10:38:16.026Z","url":"/api/v1/health-metrics/my?metricType=GLUCOSE"}
